{"meta": {"format": 3, "version": "7.10.6", "timestamp": "2025-10-09T20:50:52.266272", "branch_coverage": false, "show_contexts": false}, "files": {"src\\__init__.py": {"executed_lines": [1, 6], "summary": {"covered_lines": 1, "num_statements": 1, "percent_covered": 100.0, "percent_covered_display": "100", "missing_lines": 0, "excluded_lines": 0}, "missing_lines": [], "excluded_lines": [], "functions": {"": {"executed_lines": [1, 6], "summary": {"covered_lines": 1, "num_statements": 1, "percent_covered": 100.0, "percent_covered_display": "100", "missing_lines": 0, "excluded_lines": 0}, "missing_lines": [], "excluded_lines": []}}, "classes": {"": {"executed_lines": [1, 6], "summary": {"covered_lines": 1, "num_statements": 1, "percent_covered": 100.0, "percent_covered_display": "100", "missing_lines": 0, "excluded_lines": 0}, "missing_lines": [], "excluded_lines": []}}}, "src\\models\\__init__.py": {"executed_lines": [1, 5, 6, 7, 14, 22], "summary": {"covered_lines": 5, "num_statements": 5, "percent_covered": 100.0, "percent_covered_display": "100", "missing_lines": 0, "excluded_lines": 0}, "missing_lines": [], "excluded_lines": [], "functions": {"": {"executed_lines": [1, 5, 6, 7, 14, 22], "summary": {"covered_lines": 5, "num_statements": 5, "percent_covered": 100.0, "percent_covered_display": "100", "missing_lines": 0, "excluded_lines": 0}, "missing_lines": [], "excluded_lines": []}}, "classes": {"": {"executed_lines": [1, 5, 6, 7, 14, 22], "summary": {"covered_lines": 5, "num_statements": 5, "percent_covered": 100.0, "percent_covered_display": "100", "missing_lines": 0, "excluded_lines": 0}, "missing_lines": [], "excluded_lines": []}}}, "src\\models\\common.py": {"executed_lines": [1, 5, 6, 9, 10, 12, 19, 20, 21, 22, 23, 24, 25, 26, 27, 28, 29, 30, 31, 32, 33, 34, 35], "summary": {"covered_lines": 20, "num_statements": 20, "percent_covered": 100.0, "percent_covered_display": "100", "missing_lines": 0, "excluded_lines": 0}, "missing_lines": [], "excluded_lines": [], "functions": {"": {"executed_lines": [1, 5, 6, 9, 10, 12, 19, 20, 21, 22, 23, 24, 25, 26, 27, 28, 29, 30, 31, 32, 33, 34, 35], "summary": {"covered_lines": 20, "num_statements": 20, "percent_covered": 100.0, "percent_covered_display": "100", "missing_lines": 0, "excluded_lines": 0}, "missing_lines": [], "excluded_lines": []}}, "classes": {"HTAPBaseModel": {"executed_lines": [], "summary": {"covered_lines": 0, "num_statements": 0, "percent_covered": 100.0, "percent_covered_display": "100", "missing_lines": 0, "excluded_lines": 0}, "missing_lines": [], "excluded_lines": []}, "OptionType": {"executed_lines": [], "summary": {"covered_lines": 0, "num_statements": 0, "percent_covered": 100.0, "percent_covered_display": "100", "missing_lines": 0, "excluded_lines": 0}, "missing_lines": [], "excluded_lines": []}, "": {"executed_lines": [1, 5, 6, 9, 10, 12, 19, 20, 21, 22, 23, 24, 25, 26, 27, 28, 29, 30, 31, 32, 33, 34, 35], "summary": {"covered_lines": 20, "num_statements": 20, "percent_covered": 100.0, "percent_covered_display": "100", "missing_lines": 0, "excluded_lines": 0}, "missing_lines": [], "excluded_lines": []}}}, "src\\models\\cost.py": {"executed_lines": [1, 6, 7, 9, 12, 13, 19, 20, 21, 22, 23, 24, 25, 26, 28, 30, 33, 34, 36, 37, 38, 39, 40, 41, 47, 48, 54, 55, 59, 61, 63, 65, 66, 69, 71, 73, 75, 77, 79], "summary": {"covered_lines": 35, "num_statements": 36, "percent_covered": 97.22222222222223, "percent_covered_display": "97", "missing_lines": 1, "excluded_lines": 0}, "missing_lines": [67], "excluded_lines": [], "functions": {"SourceCostData.total_cost": {"executed_lines": [30], "summary": {"covered_lines": 1, "num_statements": 1, "percent_covered": 100.0, "percent_covered_display": "100", "missing_lines": 0, "excluded_lines": 0}, "missing_lines": [], "excluded_lines": []}, "UnitCostsDatabase.get_component": {"executed_lines": [61], "summary": {"covered_lines": 1, "num_statements": 1, "percent_covered": 100.0, "percent_covered_display": "100", "missing_lines": 0, "excluded_lines": 0}, "missing_lines": [], "excluded_lines": []}, "UnitCostsDatabase.get_cost": {"executed_lines": [65, 66], "summary": {"covered_lines": 2, "num_statements": 3, "percent_covered": 66.66666666666667, "percent_covered_display": "67", "missing_lines": 1, "excluded_lines": 0}, "missing_lines": [67], "excluded_lines": []}, "UnitCostsDatabase.list_sources": {"executed_lines": [71], "summary": {"covered_lines": 1, "num_statements": 1, "percent_covered": 100.0, "percent_covered_display": "100", "missing_lines": 0, "excluded_lines": 0}, "missing_lines": [], "excluded_lines": []}, "UnitCostsDatabase.list_components": {"executed_lines": [75], "summary": {"covered_lines": 1, "num_statements": 1, "percent_covered": 100.0, "percent_covered_display": "100", "missing_lines": 0, "excluded_lines": 0}, "missing_lines": [], "excluded_lines": []}, "UnitCostsDatabase.get_components_with_source": {"executed_lines": [79], "summary": {"covered_lines": 1, "num_statements": 1, "percent_covered": 100.0, "percent_covered_display": "100", "missing_lines": 0, "excluded_lines": 0}, "missing_lines": [], "excluded_lines": []}, "": {"executed_lines": [1, 6, 7, 9, 12, 13, 19, 20, 21, 22, 23, 24, 25, 26, 28, 33, 34, 36, 37, 38, 39, 40, 41, 47, 48, 54, 55, 59, 63, 69, 73, 77], "summary": {"covered_lines": 28, "num_statements": 28, "percent_covered": 100.0, "percent_covered_display": "100", "missing_lines": 0, "excluded_lines": 0}, "missing_lines": [], "excluded_lines": []}}, "classes": {"SourceCostData": {"executed_lines": [30], "summary": {"covered_lines": 1, "num_statements": 1, "percent_covered": 100.0, "percent_covered_display": "100", "missing_lines": 0, "excluded_lines": 0}, "missing_lines": [], "excluded_lines": []}, "CostSource": {"executed_lines": [], "summary": {"covered_lines": 0, "num_statements": 0, "percent_covered": 100.0, "percent_covered_display": "100", "missing_lines": 0, "excluded_lines": 0}, "missing_lines": [], "excluded_lines": []}, "UnitCostsDatabase": {"executed_lines": [61, 65, 66, 71, 75, 79], "summary": {"covered_lines": 6, "num_statements": 7, "percent_covered": 85.71428571428571, "percent_covered_display": "86", "missing_lines": 1, "excluded_lines": 0}, "missing_lines": [67], "excluded_lines": []}, "": {"executed_lines": [1, 6, 7, 9, 12, 13, 19, 20, 21, 22, 23, 24, 25, 26, 28, 33, 34, 36, 37, 38, 39, 40, 41, 47, 48, 54, 55, 59, 63, 69, 73, 77], "summary": {"covered_lines": 28, "num_statements": 28, "percent_covered": 100.0, "percent_covered_display": "100", "missing_lines": 0, "excluded_lines": 0}, "missing_lines": [], "excluded_lines": []}}}, "src\\models\\option.py": {"executed_lines": [1, 6, 7, 9, 12, 13, 15, 18, 19, 21, 25, 32, 33, 35, 36, 41, 42, 43, 48, 49, 52, 53, 55, 56, 57, 58, 59, 60, 65, 71, 73, 75, 77, 79, 81, 82, 84, 85, 86, 87, 89, 92, 95, 96, 98, 100, 102, 104, 106, 108, 110, 111, 112, 113, 114, 115], "summary": {"covered_lines": 50, "num_statements": 52, "percent_covered": 96.15384615384616, "percent_covered_display": "96", "missing_lines": 2, "excluded_lines": 0}, "missing_lines": [88, 90], "excluded_lines": [], "functions": {"OptionCategory.list_choices": {"executed_lines": [73], "summary": {"covered_lines": 1, "num_statements": 1, "percent_covered": 100.0, "percent_covered_display": "100", "missing_lines": 0, "excluded_lines": 0}, "missing_lines": [], "excluded_lines": []}, "OptionCategory.get_choice": {"executed_lines": [77], "summary": {"covered_lines": 1, "num_statements": 1, "percent_covered": 100.0, "percent_covered_display": "100", "missing_lines": 0, "excluded_lines": 0}, "missing_lines": [], "excluded_lines": []}, "OptionCategory.search_choices": {"executed_lines": [81, 82, 84, 85, 86, 87, 89, 92], "summary": {"covered_lines": 8, "num_statements": 10, "percent_covered": 80.0, "percent_covered_display": "80", "missing_lines": 2, "excluded_lines": 0}, "missing_lines": [88, 90], "excluded_lines": []}, "OptionsDatabase.get_category": {"executed_lines": [102], "summary": {"covered_lines": 1, "num_statements": 1, "percent_covered": 100.0, "percent_covered_display": "100", "missing_lines": 0, "excluded_lines": 0}, "missing_lines": [], "excluded_lines": []}, "OptionsDatabase.list_categories": {"executed_lines": [106], "summary": {"covered_lines": 1, "num_statements": 1, "percent_covered": 100.0, "percent_covered_display": "100", "missing_lines": 0, "excluded_lines": 0}, "missing_lines": [], "excluded_lines": []}, "OptionsDatabase.search_all": {"executed_lines": [110, 111, 112, 113, 114, 115], "summary": {"covered_lines": 6, "num_statements": 6, "percent_covered": 100.0, "percent_covered_display": "100", "missing_lines": 0, "excluded_lines": 0}, "missing_lines": [], "excluded_lines": []}, "": {"executed_lines": [1, 6, 7, 9, 12, 13, 15, 18, 19, 21, 25, 32, 33, 35, 36, 41, 42, 43, 48, 49, 52, 53, 55, 56, 57, 58, 59, 60, 65, 71, 75, 79, 95, 96, 98, 100, 104, 108], "summary": {"covered_lines": 32, "num_statements": 32, "percent_covered": 100.0, "percent_covered_display": "100", "missing_lines": 0, "excluded_lines": 0}, "missing_lines": [], "excluded_lines": []}}, "classes": {"H2KMapping": {"executed_lines": [], "summary": {"covered_lines": 0, "num_statements": 0, "percent_covered": 100.0, "percent_covered_display": "100", "missing_lines": 0, "excluded_lines": 0}, "missing_lines": [], "excluded_lines": []}, "CostComponents": {"executed_lines": [], "summary": {"covered_lines": 0, "num_statements": 0, "percent_covered": 100.0, "percent_covered_display": "100", "missing_lines": 0, "excluded_lines": 0}, "missing_lines": [], "excluded_lines": []}, "OptionChoice": {"executed_lines": [], "summary": {"covered_lines": 0, "num_statements": 0, "percent_covered": 100.0, "percent_covered_display": "100", "missing_lines": 0, "excluded_lines": 0}, "missing_lines": [], "excluded_lines": []}, "OptionCategory": {"executed_lines": [73, 77, 81, 82, 84, 85, 86, 87, 89, 92], "summary": {"covered_lines": 10, "num_statements": 12, "percent_covered": 83.33333333333333, "percent_covered_display": "83", "missing_lines": 2, "excluded_lines": 0}, "missing_lines": [88, 90], "excluded_lines": []}, "OptionsDatabase": {"executed_lines": [102, 106, 110, 111, 112, 113, 114, 115], "summary": {"covered_lines": 8, "num_statements": 8, "percent_covered": 100.0, "percent_covered_display": "100", "missing_lines": 0, "excluded_lines": 0}, "missing_lines": [], "excluded_lines": []}, "": {"executed_lines": [1, 6, 7, 9, 12, 13, 15, 18, 19, 21, 25, 32, 33, 35, 36, 41, 42, 43, 48, 49, 52, 53, 55, 56, 57, 58, 59, 60, 65, 71, 75, 79, 95, 96, 98, 100, 104, 108], "summary": {"covered_lines": 32, "num_statements": 32, "percent_covered": 100.0, "percent_covered_display": "100", "missing_lines": 0, "excluded_lines": 0}, "missing_lines": [], "excluded_lines": []}}}, "src\\models\\run_config.py": {"executed_lines": [1, 5, 6, 7, 9, 12, 13, 14, 15, 16, 17, 20, 21, 23, 24, 29, 34, 40, 41, 42, 44, 47, 48, 50, 54, 58, 63, 65, 66, 67, 69, 71, 72, 73, 76, 77, 79, 80, 82, 83, 84, 86, 87, 88, 90, 92, 94, 97, 98, 100, 101, 102, 106, 111, 113, 118, 120, 121, 122, 125, 127, 129, 131], "summary": {"covered_lines": 57, "num_statements": 58, "percent_covered": 98.27586206896552, "percent_covered_display": "98", "missing_lines": 1, "excluded_lines": 0}, "missing_lines": [123], "excluded_lines": [], "functions": {"RunParameters.normalize_path": {"executed_lines": [44], "summary": {"covered_lines": 1, "num_statements": 1, "percent_covered": 100.0, "percent_covered_display": "100", "missing_lines": 0, "excluded_lines": 0}, "missing_lines": [], "excluded_lines": []}, "RunScope.get_archetype_list": {"executed_lines": [65, 66, 67], "summary": {"covered_lines": 3, "num_statements": 3, "percent_covered": 100.0, "percent_covered_display": "100", "missing_lines": 0, "excluded_lines": 0}, "missing_lines": [], "excluded_lines": []}, "RunScope.get_location_list": {"executed_lines": [71, 72, 73], "summary": {"covered_lines": 3, "num_statements": 3, "percent_covered": 100.0, "percent_covered_display": "100", "missing_lines": 0, "excluded_lines": 0}, "missing_lines": [], "excluded_lines": []}, "OptionUpgrade.parse_choices": {"executed_lines": [86, 87, 88], "summary": {"covered_lines": 3, "num_statements": 3, "percent_covered": 100.0, "percent_covered_display": "100", "missing_lines": 0, "excluded_lines": 0}, "missing_lines": [], "excluded_lines": []}, "OptionUpgrade.to_run_format": {"executed_lines": [92, 94], "summary": {"covered_lines": 2, "num_statements": 2, "percent_covered": 100.0, "percent_covered_display": "100", "missing_lines": 0, "excluded_lines": 0}, "missing_lines": [], "excluded_lines": []}, "RunConfiguration.add_upgrade": {"executed_lines": [113], "summary": {"covered_lines": 1, "num_statements": 1, "percent_covered": 100.0, "percent_covered_display": "100", "missing_lines": 0, "excluded_lines": 0}, "missing_lines": [], "excluded_lines": []}, "RunConfiguration.remove_upgrade": {"executed_lines": [120, 121, 122], "summary": {"covered_lines": 3, "num_statements": 4, "percent_covered": 75.0, "percent_covered_display": "75", "missing_lines": 1, "excluded_lines": 0}, "missing_lines": [123], "excluded_lines": []}, "RunConfiguration.get_upgrade": {"executed_lines": [127], "summary": {"covered_lines": 1, "num_statements": 1, "percent_covered": 100.0, "percent_covered_display": "100", "missing_lines": 0, "excluded_lines": 0}, "missing_lines": [], "excluded_lines": []}, "RunConfiguration.list_upgrades": {"executed_lines": [131], "summary": {"covered_lines": 1, "num_statements": 1, "percent_covered": 100.0, "percent_covered_display": "100", "missing_lines": 0, "excluded_lines": 0}, "missing_lines": [], "excluded_lines": []}, "": {"executed_lines": [1, 5, 6, 7, 9, 12, 13, 14, 15, 16, 17, 20, 21, 23, 24, 29, 34, 40, 41, 42, 47, 48, 50, 54, 58, 63, 69, 76, 77, 79, 80, 82, 83, 84, 90, 97, 98, 100, 101, 102, 106, 111, 118, 125, 129], "summary": {"covered_lines": 39, "num_statements": 39, "percent_covered": 100.0, "percent_covered_display": "100", "missing_lines": 0, "excluded_lines": 0}, "missing_lines": [], "excluded_lines": []}}, "classes": {"RunMode": {"executed_lines": [], "summary": {"covered_lines": 0, "num_statements": 0, "percent_covered": 100.0, "percent_covered_display": "100", "missing_lines": 0, "excluded_lines": 0}, "missing_lines": [], "excluded_lines": []}, "RunParameters": {"executed_lines": [44], "summary": {"covered_lines": 1, "num_statements": 1, "percent_covered": 100.0, "percent_covered_display": "100", "missing_lines": 0, "excluded_lines": 0}, "missing_lines": [], "excluded_lines": []}, "RunScope": {"executed_lines": [65, 66, 67, 71, 72, 73], "summary": {"covered_lines": 6, "num_statements": 6, "percent_covered": 100.0, "percent_covered_display": "100", "missing_lines": 0, "excluded_lines": 0}, "missing_lines": [], "excluded_lines": []}, "OptionUpgrade": {"executed_lines": [86, 87, 88, 92, 94], "summary": {"covered_lines": 5, "num_statements": 5, "percent_covered": 100.0, "percent_covered_display": "100", "missing_lines": 0, "excluded_lines": 0}, "missing_lines": [], "excluded_lines": []}, "RunConfiguration": {"executed_lines": [113, 120, 121, 122, 127, 131], "summary": {"covered_lines": 6, "num_statements": 7, "percent_covered": 85.71428571428571, "percent_covered_display": "86", "missing_lines": 1, "excluded_lines": 0}, "missing_lines": [123], "excluded_lines": []}, "": {"executed_lines": [1, 5, 6, 7, 9, 12, 13, 14, 15, 16, 17, 20, 21, 23, 24, 29, 34, 40, 41, 42, 47, 48, 50, 54, 58, 63, 69, 76, 77, 79, 80, 82, 83, 84, 90, 97, 98, 100, 101, 102, 106, 111, 118, 125, 129], "summary": {"covered_lines": 39, "num_statements": 39, "percent_covered": 100.0, "percent_covered_display": "100", "missing_lines": 0, "excluded_lines": 0}, "missing_lines": [], "excluded_lines": []}}}, "src\\parsers\\__init__.py": {"executed_lines": [1, 5, 6, 7, 9], "summary": {"covered_lines": 4, "num_statements": 4, "percent_covered": 100.0, "percent_covered_display": "100", "missing_lines": 0, "excluded_lines": 0}, "missing_lines": [], "excluded_lines": [], "functions": {"": {"executed_lines": [1, 5, 6, 7, 9], "summary": {"covered_lines": 4, "num_statements": 4, "percent_covered": 100.0, "percent_covered_display": "100", "missing_lines": 0, "excluded_lines": 0}, "missing_lines": [], "excluded_lines": []}}, "classes": {"": {"executed_lines": [1, 5, 6, 7, 9], "summary": {"covered_lines": 4, "num_statements": 4, "percent_covered": 100.0, "percent_covered_display": "100", "missing_lines": 0, "excluded_lines": 0}, "missing_lines": [], "excluded_lines": []}}}, "src\\parsers\\run_parser.py": {"executed_lines": [1, 5, 6, 7, 9, 18, 19, 21, 22, 23, 24, 25, 26, 28, 42, 43, 44, 46, 48, 49, 50, 51, 57, 59, 69, 71, 72, 73, 79, 81, 83, 84, 85, 86, 87, 89, 91, 94, 95, 98, 99, 100, 101, 104, 105, 106, 107, 108, 109, 110, 111, 112, 113, 114, 115, 116, 117, 118, 119, 120, 121, 124, 125, 127, 128, 129, 130, 131, 132, 134, 144, 145, 148, 149, 151, 153, 157, 174, 181, 182, 183, 184, 189, 197], "summary": {"covered_lines": 82, "num_statements": 89, "percent_covered": 92.13483146067416, "percent_covered_display": "92", "missing_lines": 7, "excluded_lines": 0}, "missing_lines": [52, 53, 74, 75, 146, 207, 208], "excluded_lines": [], "functions": {"RunFileParser.__init__": {"executed_lines": [22, 23, 24, 25, 26], "summary": {"covered_lines": 5, "num_statements": 5, "percent_covered": 100.0, "percent_covered_display": "100", "missing_lines": 0, "excluded_lines": 0}, "missing_lines": [], "excluded_lines": []}, "RunFileParser.parse_file": {"executed_lines": [42, 43, 44, 46, 48, 49, 50, 51, 57], "summary": {"covered_lines": 9, "num_statements": 11, "percent_covered": 81.81818181818181, "percent_covered_display": "82", "missing_lines": 2, "excluded_lines": 0}, "missing_lines": [52, 53], "excluded_lines": []}, "RunFileParser.parse_string": {"executed_lines": [69, 71, 72, 73, 79], "summary": {"covered_lines": 5, "num_statements": 7, "percent_covered": 71.42857142857143, "percent_covered_display": "71", "missing_lines": 2, "excluded_lines": 0}, "missing_lines": [74, 75], "excluded_lines": []}, "RunFileParser._reset": {"executed_lines": [83, 84, 85, 86, 87], "summary": {"covered_lines": 5, "num_statements": 5, "percent_covered": 100.0, "percent_covered_display": "100", "missing_lines": 0, "excluded_lines": 0}, "missing_lines": [], "excluded_lines": []}, "RunFileParser._parse_line": {"executed_lines": [91, 94, 95, 98, 99, 100, 101, 104, 105, 106, 107, 108, 109, 110, 111, 112, 113, 114, 115, 116, 117, 118, 119, 120, 121, 124, 125, 127, 128, 129, 130, 131, 132], "summary": {"covered_lines": 33, "num_statements": 33, "percent_covered": 100.0, "percent_covered_display": "100", "missing_lines": 0, "excluded_lines": 0}, "missing_lines": [], "excluded_lines": []}, "RunFileParser._parse_key_value": {"executed_lines": [144, 145, 148, 149, 151], "summary": {"covered_lines": 5, "num_statements": 6, "percent_covered": 83.33333333333333, "percent_covered_display": "83", "missing_lines": 1, "excluded_lines": 0}, "missing_lines": [146], "excluded_lines": []}, "RunFileParser._build_configuration": {"executed_lines": [157, 174, 181, 182, 183, 184, 189], "summary": {"covered_lines": 7, "num_statements": 7, "percent_covered": 100.0, "percent_covered_display": "100", "missing_lines": 0, "excluded_lines": 0}, "missing_lines": [], "excluded_lines": []}, "parse_run_file": {"executed_lines": [], "summary": {"covered_lines": 0, "num_statements": 2, "percent_covered": 0.0, "percent_covered_display": "0", "missing_lines": 2, "excluded_lines": 0}, "missing_lines": [207, 208], "excluded_lines": []}, "": {"executed_lines": [1, 5, 6, 7, 9, 18, 19, 21, 28, 59, 81, 89, 134, 153, 197], "summary": {"covered_lines": 13, "num_statements": 13, "percent_covered": 100.0, "percent_covered_display": "100", "missing_lines": 0, "excluded_lines": 0}, "missing_lines": [], "excluded_lines": []}}, "classes": {"RunFileParser": {"executed_lines": [22, 23, 24, 25, 26, 42, 43, 44, 46, 48, 49, 50, 51, 57, 69, 71, 72, 73, 79, 83, 84, 85, 86, 87, 91, 94, 95, 98, 99, 100, 101, 104, 105, 106, 107, 108, 109, 110, 111, 112, 113, 114, 115, 116, 117, 118, 119, 120, 121, 124, 125, 127, 128, 129, 130, 131, 132, 144, 145, 148, 149, 151, 157, 174, 181, 182, 183, 184, 189], "summary": {"covered_lines": 69, "num_statements": 74, "percent_covered": 93.24324324324324, "percent_covered_display": "93", "missing_lines": 5, "excluded_lines": 0}, "missing_lines": [52, 53, 74, 75, 146], "excluded_lines": []}, "": {"executed_lines": [1, 5, 6, 7, 9, 18, 19, 21, 28, 59, 81, 89, 134, 153, 197], "summary": {"covered_lines": 13, "num_statements": 15, "percent_covered": 86.66666666666667, "percent_covered_display": "87", "missing_lines": 2, "excluded_lines": 0}, "missing_lines": [207, 208], "excluded_lines": []}}}, "src\\parsers\\run_writer.py": {"executed_lines": [1, 5, 6, 8, 11, 12, 14, 28, 30, 31, 33, 34, 36, 51, 54, 55, 57, 59, 63, 66, 67, 68, 71, 74, 77, 80, 81, 82, 85, 88, 89, 90, 93, 96, 99, 100, 101, 104, 105, 106, 108, 109, 110, 112, 114, 115, 117, 120, 133, 134], "summary": {"covered_lines": 48, "num_statements": 50, "percent_covered": 96.0, "percent_covered_display": "96", "missing_lines": 2, "excluded_lines": 0}, "missing_lines": [60, 61], "excluded_lines": [], "functions": {"RunFileWriter.write_file": {"executed_lines": [28, 30, 31, 33, 34], "summary": {"covered_lines": 5, "num_statements": 5, "percent_covered": 100.0, "percent_covered_display": "100", "missing_lines": 0, "excluded_lines": 0}, "missing_lines": [], "excluded_lines": []}, "RunFileWriter.generate_content": {"executed_lines": [51, 54, 55, 57, 59, 63, 66, 67, 68, 71, 74, 77, 80, 81, 82, 85, 88, 89, 90, 93, 96, 99, 100, 101, 104, 105, 106, 108, 109, 110, 112, 114, 115, 117], "summary": {"covered_lines": 34, "num_statements": 36, "percent_covered": 94.44444444444444, "percent_covered_display": "94", "missing_lines": 2, "excluded_lines": 0}, "missing_lines": [60, 61], "excluded_lines": []}, "write_run_file": {"executed_lines": [133, 134], "summary": {"covered_lines": 2, "num_statements": 2, "percent_covered": 100.0, "percent_covered_display": "100", "missing_lines": 0, "excluded_lines": 0}, "missing_lines": [], "excluded_lines": []}, "": {"executed_lines": [1, 5, 6, 8, 11, 12, 14, 36, 120], "summary": {"covered_lines": 7, "num_statements": 7, "percent_covered": 100.0, "percent_covered_display": "100", "missing_lines": 0, "excluded_lines": 0}, "missing_lines": [], "excluded_lines": []}}, "classes": {"RunFileWriter": {"executed_lines": [28, 30, 31, 33, 34, 51, 54, 55, 57, 59, 63, 66, 67, 68, 71, 74, 77, 80, 81, 82, 85, 88, 89, 90, 93, 96, 99, 100, 101, 104, 105, 106, 108, 109, 110, 112, 114, 115, 117], "summary": {"covered_lines": 39, "num_statements": 41, "percent_covered": 95.1219512195122, "percent_covered_display": "95", "missing_lines": 2, "excluded_lines": 0}, "missing_lines": [60, 61], "excluded_lines": []}, "": {"executed_lines": [1, 5, 6, 8, 11, 12, 14, 36, 120, 133, 134], "summary": {"covered_lines": 9, "num_statements": 9, "percent_covered": 100.0, "percent_covered_display": "100", "missing_lines": 0, "excluded_lines": 0}, "missing_lines": [], "excluded_lines": []}}}, "src\\parsers\\validation.py": {"executed_lines": [1, 5, 6, 8, 11, 12, 14, 15, 16, 17, 19, 24, 28, 40, 43, 44, 51, 52, 59, 60, 68, 69, 76, 80, 88, 90], "summary": {"covered_lines": 24, "num_statements": 32, "percent_covered": 75.0, "percent_covered_display": "75", "missing_lines": 8, "excluded_lines": 0}, "missing_lines": [20, 21, 22, 25, 45, 53, 61, 81], "excluded_lines": [], "functions": {"ValidationError.__init__": {"executed_lines": [15, 16, 17], "summary": {"covered_lines": 3, "num_statements": 3, "percent_covered": 100.0, "percent_covered_display": "100", "missing_lines": 0, "excluded_lines": 0}, "missing_lines": [], "excluded_lines": []}, "ValidationError.__str__": {"executed_lines": [], "summary": {"covered_lines": 0, "num_statements": 3, "percent_covered": 0.0, "percent_covered_display": "0", "missing_lines": 3, "excluded_lines": 0}, "missing_lines": [20, 21, 22], "excluded_lines": []}, "ValidationError.__repr__": {"executed_lines": [], "summary": {"covered_lines": 0, "num_statements": 1, "percent_covered": 0.0, "percent_covered_display": "0", "missing_lines": 1, "excluded_lines": 0}, "missing_lines": [25], "excluded_lines": []}, "validate_run_configuration": {"executed_lines": [40, 43, 44, 51, 52, 59, 60, 68, 69, 76, 80, 88, 90], "summary": {"covered_lines": 13, "num_statements": 17, "percent_covered": 76.47058823529412, "percent_covered_display": "76", "missing_lines": 4, "excluded_lines": 0}, "missing_lines": [45, 53, 61, 81], "excluded_lines": []}, "": {"executed_lines": [1, 5, 6, 8, 11, 12, 14, 19, 24, 28], "summary": {"covered_lines": 8, "num_statements": 8, "percent_covered": 100.0, "percent_covered_display": "100", "missing_lines": 0, "excluded_lines": 0}, "missing_lines": [], "excluded_lines": []}}, "classes": {"ValidationError": {"executed_lines": [15, 16, 17], "summary": {"covered_lines": 3, "num_statements": 7, "percent_covered": 42.857142857142854, "percent_covered_display": "43", "missing_lines": 4, "excluded_lines": 0}, "missing_lines": [20, 21, 22, 25], "excluded_lines": []}, "": {"executed_lines": [1, 5, 6, 8, 11, 12, 14, 19, 24, 28, 40, 43, 44, 51, 52, 59, 60, 68, 69, 76, 80, 88, 90], "summary": {"covered_lines": 21, "num_statements": 25, "percent_covered": 84.0, "percent_covered_display": "84", "missing_lines": 4, "excluded_lines": 0}, "missing_lines": [45, 53, 61, 81], "excluded_lines": []}}}, "src\\ui\\__init__.py": {"executed_lines": [1, 5, 6, 7, 8, 9, 10, 18], "summary": {"covered_lines": 7, "num_statements": 7, "percent_covered": 100.0, "percent_covered_display": "100", "missing_lines": 0, "excluded_lines": 0}, "missing_lines": [], "excluded_lines": [], "functions": {"": {"executed_lines": [1, 5, 6, 7, 8, 9, 10, 18], "summary": {"covered_lines": 7, "num_statements": 7, "percent_covered": 100.0, "percent_covered_display": "100", "missing_lines": 0, "excluded_lines": 0}, "missing_lines": [], "excluded_lines": []}}, "classes": {"": {"executed_lines": [1, 5, 6, 7, 8, 9, 10, 18], "summary": {"covered_lines": 7, "num_statements": 7, "percent_covered": 100.0, "percent_covered_display": "100", "missing_lines": 0, "excluded_lines": 0}, "missing_lines": [], "excluded_lines": []}}}, "src\\ui\\components.py": {"executed_lines": [1, 5, 6, 9, 44, 69, 109, 137], "summary": {"covered_lines": 7, "num_statements": 38, "percent_covered": 18.42105263157895, "percent_covered_display": "18", "missing_lines": 31, "excluded_lines": 0}, "missing_lines": [27, 28, 29, 30, 32, 39, 40, 41, 60, 89, 90, 92, 93, 94, 95, 96, 98, 99, 100, 102, 104, 106, 120, 127, 129, 150, 152, 154, 155, 160, 161], "excluded_lines": [], "functions": {"file_uploader_card": {"executed_lines": [], "summary": {"covered_lines": 0, "num_statements": 8, "percent_covered": 0.0, "percent_covered_display": "0", "missing_lines": 8, "excluded_lines": 0}, "missing_lines": [27, 28, 29, 30, 32, 39, 40, 41], "excluded_lines": []}, "search_box": {"executed_lines": [], "summary": {"covered_lines": 0, "num_statements": 1, "percent_covered": 0.0, "percent_covered_display": "0", "missing_lines": 1, "excluded_lines": 0}, "missing_lines": [60], "excluded_lines": []}, "option_card": {"executed_lines": [], "summary": {"covered_lines": 0, "num_statements": 13, "percent_covered": 0.0, "percent_covered_display": "0", "missing_lines": 13, "excluded_lines": 0}, "missing_lines": [89, 90, 92, 93, 94, 95, 96, 98, 99, 100, 102, 104, 106], "excluded_lines": []}, "status_badge": {"executed_lines": [], "summary": {"covered_lines": 0, "num_statements": 3, "percent_covered": 0.0, "percent_covered_display": "0", "missing_lines": 3, "excluded_lines": 0}, "missing_lines": [120, 127, 129], "excluded_lines": []}, "cost_summary_card": {"executed_lines": [], "summary": {"covered_lines": 0, "num_statements": 6, "percent_covered": 0.0, "percent_covered_display": "0", "missing_lines": 6, "excluded_lines": 0}, "missing_lines": [150, 152, 154, 155, 160, 161], "excluded_lines": []}, "": {"executed_lines": [1, 5, 6, 9, 44, 69, 109, 137], "summary": {"covered_lines": 7, "num_statements": 7, "percent_covered": 100.0, "percent_covered_display": "100", "missing_lines": 0, "excluded_lines": 0}, "missing_lines": [], "excluded_lines": []}}, "classes": {"": {"executed_lines": [1, 5, 6, 9, 44, 69, 109, 137], "summary": {"covered_lines": 7, "num_statements": 38, "percent_covered": 18.42105263157895, "percent_covered_display": "18", "missing_lines": 31, "excluded_lines": 0}, "missing_lines": [27, 28, 29, 30, 32, 39, 40, 41, 60, 89, 90, 92, 93, 94, 95, 96, 98, 99, 100, 102, 104, 106, 120, 127, 129, 150, 152, 154, 155, 160, 161], "excluded_lines": []}}}, "src\\ui\\export_widget.py": {"executed_lines": [], "summary": {"covered_lines": 0, "num_statements": 123, "percent_covered": 0.0, "percent_covered_display": "0", "missing_lines": 123, "excluded_lines": 0}, "missing_lines": [5, 6, 7, 8, 9, 12, 15, 18, 19, 22, 23, 25, 26, 27, 29, 30, 35, 36, 38, 41, 43, 48, 55, 56, 57, 60, 61, 62, 64, 65, 66, 69, 70, 72, 75, 77, 78, 85, 88, 90, 91, 94, 95, 97, 98, 99, 101, 104, 107, 108, 115, 116, 118, 120, 122, 132, 134, 140, 141, 142, 143, 144, 145, 148, 149, 150, 154, 155, 160, 162, 163, 164, 165, 166, 169, 172, 174, 176, 177, 179, 180, 181, 182, 184, 186, 188, 189, 192, 193, 194, 195, 197, 198, 199, 202, 203, 206, 216, 219, 222, 223, 225, 227, 233, 236, 241, 243, 248, 250, 255, 257, 262, 265, 266, 268, 271, 281, 284, 285, 286, 288, 291, 293], "excluded_lines": [], "functions": {"render_export_widget": {"executed_lines": [], "summary": {"covered_lines": 0, "num_statements": 68, "percent_covered": 0.0, "percent_covered_display": "0", "missing_lines": 68, "excluded_lines": 0}, "missing_lines": [15, 18, 19, 22, 23, 25, 26, 27, 29, 30, 35, 36, 38, 41, 43, 48, 55, 56, 57, 60, 61, 62, 64, 65, 66, 69, 70, 72, 75, 77, 78, 85, 88, 90, 91, 94, 95, 97, 98, 99, 101, 104, 107, 108, 115, 116, 118, 120, 122, 132, 134, 140, 141, 142, 143, 144, 145, 148, 149, 150, 154, 155, 160, 162, 163, 164, 165, 166], "excluded_lines": []}, "_render_configuration_summary": {"executed_lines": [], "summary": {"covered_lines": 0, "num_statements": 21, "percent_covered": 0.0, "percent_covered_display": "0", "missing_lines": 21, "excluded_lines": 0}, "missing_lines": [172, 174, 176, 177, 179, 180, 181, 182, 184, 186, 188, 189, 192, 193, 194, 195, 197, 198, 199, 202, 203], "excluded_lines": []}, "_render_advanced_parameters": {"executed_lines": [], "summary": {"covered_lines": 0, "num_statements": 18, "percent_covered": 0.0, "percent_covered_display": "0", "missing_lines": 18, "excluded_lines": 0}, "missing_lines": [216, 219, 222, 223, 225, 227, 233, 236, 241, 243, 248, 250, 255, 257, 262, 265, 266, 268], "excluded_lines": []}, "_generate_default_filename": {"executed_lines": [], "summary": {"covered_lines": 0, "num_statements": 7, "percent_covered": 0.0, "percent_covered_display": "0", "missing_lines": 7, "excluded_lines": 0}, "missing_lines": [281, 284, 285, 286, 288, 291, 293], "excluded_lines": []}, "": {"executed_lines": [], "summary": {"covered_lines": 0, "num_statements": 9, "percent_covered": 0.0, "percent_covered_display": "0", "missing_lines": 9, "excluded_lines": 0}, "missing_lines": [5, 6, 7, 8, 9, 12, 169, 206, 271], "excluded_lines": []}}, "classes": {"": {"executed_lines": [], "summary": {"covered_lines": 0, "num_statements": 123, "percent_covered": 0.0, "percent_covered_display": "0", "missing_lines": 123, "excluded_lines": 0}, "missing_lines": [5, 6, 7, 8, 9, 12, 15, 18, 19, 22, 23, 25, 26, 27, 29, 30, 35, 36, 38, 41, 43, 48, 55, 56, 57, 60, 61, 62, 64, 65, 66, 69, 70, 72, 75, 77, 78, 85, 88, 90, 91, 94, 95, 97, 98, 99, 101, 104, 107, 108, 115, 116, 118, 120, 122, 132, 134, 140, 141, 142, 143, 144, 145, 148, 149, 150, 154, 155, 160, 162, 163, 164, 165, 166, 169, 172, 174, 176, 177, 179, 180, 181, 182, 184, 186, 188, 189, 192, 193, 194, 195, 197, 198, 199, 202, 203, 206, 216, 219, 222, 223, 225, 227, 233, 236, 241, 243, 248, 250, 255, 257, 262, 265, 266, 268, 271, 281, 284, 285, 286, 288, 291, 293], "excluded_lines": []}}}, "src\\ui\\layout.py": {"executed_lines": [1, 5, 6, 7, 8, 9, 12, 51], "summary": {"covered_lines": 7, "num_statements": 30, "percent_covered": 23.333333333333332, "percent_covered_display": "23", "missing_lines": 23, "excluded_lines": 0}, "missing_lines": [16, 19, 20, 21, 24, 26, 27, 29, 30, 32, 33, 36, 37, 39, 40, 41, 43, 44, 46, 47, 48, 53, 54], "excluded_lines": [], "functions": {"render_main_layout": {"executed_lines": [], "summary": {"covered_lines": 0, "num_statements": 21, "percent_covered": 0.0, "percent_covered_display": "0", "missing_lines": 21, "excluded_lines": 0}, "missing_lines": [16, 19, 20, 21, 24, 26, 27, 29, 30, 32, 33, 36, 37, 39, 40, 41, 43, 44, 46, 47, 48], "excluded_lines": []}, "show_help_dialog": {"executed_lines": [], "summary": {"covered_lines": 0, "num_statements": 2, "percent_covered": 0.0, "percent_covered_display": "0", "missing_lines": 2, "excluded_lines": 0}, "missing_lines": [53, 54], "excluded_lines": []}, "": {"executed_lines": [1, 5, 6, 7, 8, 9, 12, 51], "summary": {"covered_lines": 7, "num_statements": 7, "percent_covered": 100.0, "percent_covered_display": "100", "missing_lines": 0, "excluded_lines": 0}, "missing_lines": [], "excluded_lines": []}}, "classes": {"": {"executed_lines": [1, 5, 6, 7, 8, 9, 12, 51], "summary": {"covered_lines": 7, "num_statements": 30, "percent_covered": 23.333333333333332, "percent_covered_display": "23", "missing_lines": 23, "excluded_lines": 0}, "missing_lines": [16, 19, 20, 21, 24, 26, 27, 29, 30, 32, 33, 36, 37, 39, 40, 41, 43, 44, 46, 47, 48, 53, 54], "excluded_lines": []}}}, "src\\ui\\left_panel.py": {"executed_lines": [1, 5, 6, 7, 14, 17, 220, 226], "summary": {"covered_lines": 7, "num_statements": 114, "percent_covered": 6.140350877192983, "percent_covered_display": "6", "missing_lines": 107, "excluded_lines": 0}, "missing_lines": [20, 23, 24, 29, 32, 33, 36, 43, 46, 52, 55, 61, 64, 67, 68, 70, 73, 74, 75, 77, 86, 89, 90, 91, 94, 95, 97, 98, 99, 100, 103, 104, 105, 106, 107, 108, 110, 113, 114, 116, 117, 118, 119, 121, 123, 126, 129, 130, 131, 132, 133, 134, 137, 138, 139, 141, 142, 143, 144, 150, 151, 153, 154, 155, 156, 162, 163, 165, 166, 167, 168, 174, 175, 178, 179, 180, 182, 185, 187, 188, 189, 190, 191, 192, 193, 194, 195, 196, 198, 200, 203, 205, 206, 207, 208, 210, 211, 212, 223, 228, 229, 230, 231, 232, 233, 234, 235], "excluded_lines": [], "functions": {"render_left_panel": {"executed_lines": [], "summary": {"covered_lines": 0, "num_statements": 98, "percent_covered": 0.0, "percent_covered_display": "0", "missing_lines": 98, "excluded_lines": 0}, "missing_lines": [20, 23, 24, 29, 32, 33, 36, 43, 46, 52, 55, 61, 64, 67, 68, 70, 73, 74, 75, 77, 86, 89, 90, 91, 94, 95, 97, 98, 99, 100, 103, 104, 105, 106, 107, 108, 110, 113, 114, 116, 117, 118, 119, 121, 123, 126, 129, 130, 131, 132, 133, 134, 137, 138, 139, 141, 142, 143, 144, 150, 151, 153, 154, 155, 156, 162, 163, 165, 166, 167, 168, 174, 175, 178, 179, 180, 182, 185, 187, 188, 189, 190, 191, 192, 193, 194, 195, 196, 198, 200, 203, 205, 206, 207, 208, 210, 211, 212], "excluded_lines": []}, "_get_archetypes": {"executed_lines": [], "summary": {"covered_lines": 0, "num_statements": 1, "percent_covered": 0.0, "percent_covered_display": "0", "missing_lines": 1, "excluded_lines": 0}, "missing_lines": [223], "excluded_lines": []}, "_get_locations": {"executed_lines": [], "summary": {"covered_lines": 0, "num_statements": 8, "percent_covered": 0.0, "percent_covered_display": "0", "missing_lines": 8, "excluded_lines": 0}, "missing_lines": [228, 229, 230, 231, 232, 233, 234, 235], "excluded_lines": []}, "": {"executed_lines": [1, 5, 6, 7, 14, 17, 220, 226], "summary": {"covered_lines": 7, "num_statements": 7, "percent_covered": 100.0, "percent_covered_display": "100", "missing_lines": 0, "excluded_lines": 0}, "missing_lines": [], "excluded_lines": []}}, "classes": {"": {"executed_lines": [1, 5, 6, 7, 14, 17, 220, 226], "summary": {"covered_lines": 7, "num_statements": 114, "percent_covered": 6.140350877192983, "percent_covered_display": "6", "missing_lines": 107, "excluded_lines": 0}, "missing_lines": [20, 23, 24, 29, 32, 33, 36, 43, 46, 52, 55, 61, 64, 67, 68, 70, 73, 74, 75, 77, 86, 89, 90, 91, 94, 95, 97, 98, 99, 100, 103, 104, 105, 106, 107, 108, 110, 113, 114, 116, 117, 118, 119, 121, 123, 126, 129, 130, 131, 132, 133, 134, 137, 138, 139, 141, 142, 143, 144, 150, 151, 153, 154, 155, 156, 162, 163, 165, 166, 167, 168, 174, 175, 178, 179, 180, 182, 185, 187, 188, 189, 190, 191, 192, 193, 194, 195, 196, 198, 200, 203, 205, 206, 207, 208, 210, 211, 212, 223, 228, 229, 230, 231, 232, 233, 234, 235], "excluded_lines": []}}}, "src\\ui\\middle_panel.py": {"executed_lines": [1, 5, 6, 13, 16, 85, 190], "summary": {"covered_lines": 6, "num_statements": 166, "percent_covered": 3.6144578313253013, "percent_covered_display": "4", "missing_lines": 160, "excluded_lines": 0}, "missing_lines": [19, 21, 24, 26, 27, 29, 30, 31, 32, 33, 35, 36, 41, 42, 44, 45, 47, 49, 52, 53, 54, 55, 56, 57, 58, 59, 62, 64, 66, 68, 70, 72, 73, 74, 76, 78, 80, 81, 82, 89, 92, 93, 94, 95, 96, 97, 100, 107, 109, 112, 113, 115, 116, 117, 118, 119, 120, 121, 122, 123, 124, 125, 128, 129, 130, 131, 132, 133, 134, 135, 136, 137, 138, 139, 140, 143, 144, 145, 148, 154, 156, 157, 158, 161, 162, 164, 165, 166, 169, 170, 173, 174, 176, 177, 178, 179, 181, 182, 184, 185, 186, 187, 193, 195, 196, 197, 200, 201, 202, 203, 209, 210, 213, 214, 215, 216, 222, 225, 227, 228, 231, 232, 233, 236, 238, 240, 241, 242, 243, 245, 247, 249, 250, 254, 255, 256, 257, 258, 259, 260, 262, 264, 265, 270, 271, 273, 274, 276, 278, 280, 286, 289, 290, 291, 292, 293, 294, 295, 297, 307], "excluded_lines": [], "functions": {"render_middle_panel": {"executed_lines": [], "summary": {"covered_lines": 0, "num_statements": 39, "percent_covered": 0.0, "percent_covered_display": "0", "missing_lines": 39, "excluded_lines": 0}, "missing_lines": [19, 21, 24, 26, 27, 29, 30, 31, 32, 33, 35, 36, 41, 42, 44, 45, 47, 49, 52, 53, 54, 55, 56, 57, 58, 59, 62, 64, 66, 68, 70, 72, 73, 74, 76, 78, 80, 81, 82], "excluded_lines": []}, "render_category_browser": {"executed_lines": [], "summary": {"covered_lines": 0, "num_statements": 63, "percent_covered": 0.0, "percent_covered_display": "0", "missing_lines": 63, "excluded_lines": 0}, "missing_lines": [89, 92, 93, 94, 95, 96, 97, 100, 107, 109, 112, 113, 115, 116, 117, 118, 119, 120, 121, 122, 123, 124, 125, 128, 129, 130, 131, 132, 133, 134, 135, 136, 137, 138, 139, 140, 143, 144, 145, 148, 154, 156, 157, 158, 161, 162, 164, 165, 166, 169, 170, 173, 174, 176, 177, 178, 179, 181, 182, 184, 185, 186, 187], "excluded_lines": []}, "_render_option_card": {"executed_lines": [], "summary": {"covered_lines": 0, "num_statements": 58, "percent_covered": 0.0, "percent_covered_display": "0", "missing_lines": 58, "excluded_lines": 0}, "missing_lines": [193, 195, 196, 197, 200, 201, 202, 203, 209, 210, 213, 214, 215, 216, 222, 225, 227, 228, 231, 232, 233, 236, 238, 240, 241, 242, 243, 245, 247, 249, 250, 254, 255, 256, 257, 258, 259, 260, 262, 264, 265, 270, 271, 273, 274, 276, 278, 280, 286, 289, 290, 291, 292, 293, 294, 295, 297, 307], "excluded_lines": []}, "": {"executed_lines": [1, 5, 6, 13, 16, 85, 190], "summary": {"covered_lines": 6, "num_statements": 6, "percent_covered": 100.0, "percent_covered_display": "100", "missing_lines": 0, "excluded_lines": 0}, "missing_lines": [], "excluded_lines": []}}, "classes": {"": {"executed_lines": [1, 5, 6, 13, 16, 85, 190], "summary": {"covered_lines": 6, "num_statements": 166, "percent_covered": 3.6144578313253013, "percent_covered_display": "4", "missing_lines": 160, "excluded_lines": 0}, "missing_lines": [19, 21, 24, 26, 27, 29, 30, 31, 32, 33, 35, 36, 41, 42, 44, 45, 47, 49, 52, 53, 54, 55, 56, 57, 58, 59, 62, 64, 66, 68, 70, 72, 73, 74, 76, 78, 80, 81, 82, 89, 92, 93, 94, 95, 96, 97, 100, 107, 109, 112, 113, 115, 116, 117, 118, 119, 120, 121, 122, 123, 124, 125, 128, 129, 130, 131, 132, 133, 134, 135, 136, 137, 138, 139, 140, 143, 144, 145, 148, 154, 156, 157, 158, 161, 162, 164, 165, 166, 169, 170, 173, 174, 176, 177, 178, 179, 181, 182, 184, 185, 186, 187, 193, 195, 196, 197, 200, 201, 202, 203, 209, 210, 213, 214, 215, 216, 222, 225, 227, 228, 231, 232, 233, 236, 238, 240, 241, 242, 243, 245, 247, 249, 250, 254, 255, 256, 257, 258, 259, 260, 262, 264, 265, 270, 271, 273, 274, 276, 278, 280, 286, 289, 290, 291, 292, 293, 294, 295, 297, 307], "excluded_lines": []}}}, "src\\ui\\right_panel.py": {"executed_lines": [1, 5, 6, 14, 15, 18, 115, 169], "summary": {"covered_lines": 7, "num_statements": 124, "percent_covered": 5.645161290322581, "percent_covered_display": "6", "missing_lines": 117, "excluded_lines": 0}, "missing_lines": [21, 23, 26, 28, 31, 33, 36, 37, 39, 42, 44, 46, 47, 48, 51, 52, 54, 55, 58, 59, 60, 63, 64, 65, 67, 70, 71, 72, 74, 77, 79, 80, 81, 82, 84, 86, 89, 91, 93, 94, 95, 97, 102, 103, 104, 105, 107, 108, 109, 110, 111, 112, 118, 119, 120, 121, 122, 124, 125, 127, 128, 130, 131, 132, 135, 136, 137, 139, 140, 142, 143, 144, 145, 146, 148, 149, 150, 151, 152, 154, 155, 157, 158, 159, 161, 164, 165, 166, 172, 174, 176, 177, 178, 181, 184, 185, 186, 187, 188, 191, 192, 193, 194, 197, 198, 199, 200, 201, 202, 203, 204, 205, 206, 207, 208, 209, 210], "excluded_lines": [], "functions": {"render_right_panel": {"executed_lines": [], "summary": {"covered_lines": 0, "num_statements": 52, "percent_covered": 0.0, "percent_covered_display": "0", "missing_lines": 52, "excluded_lines": 0}, "missing_lines": [21, 23, 26, 28, 31, 33, 36, 37, 39, 42, 44, 46, 47, 48, 51, 52, 54, 55, 58, 59, 60, 63, 64, 65, 67, 70, 71, 72, 74, 77, 79, 80, 81, 82, 84, 86, 89, 91, 93, 94, 95, 97, 102, 103, 104, 105, 107, 108, 109, 110, 111, 112], "excluded_lines": []}, "_display_cost_components": {"executed_lines": [], "summary": {"covered_lines": 0, "num_statements": 36, "percent_covered": 0.0, "percent_covered_display": "0", "missing_lines": 36, "excluded_lines": 0}, "missing_lines": [118, 119, 120, 121, 122, 124, 125, 127, 128, 130, 131, 132, 135, 136, 137, 139, 140, 142, 143, 144, 145, 146, 148, 149, 150, 151, 152, 154, 155, 157, 158, 159, 161, 164, 165, 166], "excluded_lines": []}, "_render_selections_summary": {"executed_lines": [], "summary": {"covered_lines": 0, "num_statements": 29, "percent_covered": 0.0, "percent_covered_display": "0", "missing_lines": 29, "excluded_lines": 0}, "missing_lines": [172, 174, 176, 177, 178, 181, 184, 185, 186, 187, 188, 191, 192, 193, 194, 197, 198, 199, 200, 201, 202, 203, 204, 205, 206, 207, 208, 209, 210], "excluded_lines": []}, "": {"executed_lines": [1, 5, 6, 14, 15, 18, 115, 169], "summary": {"covered_lines": 7, "num_statements": 7, "percent_covered": 100.0, "percent_covered_display": "100", "missing_lines": 0, "excluded_lines": 0}, "missing_lines": [], "excluded_lines": []}}, "classes": {"": {"executed_lines": [1, 5, 6, 14, 15, 18, 115, 169], "summary": {"covered_lines": 7, "num_statements": 124, "percent_covered": 5.645161290322581, "percent_covered_display": "6", "missing_lines": 117, "excluded_lines": 0}, "missing_lines": [21, 23, 26, 28, 31, 33, 36, 37, 39, 42, 44, 46, 47, 48, 51, 52, 54, 55, 58, 59, 60, 63, 64, 65, 67, 70, 71, 72, 74, 77, 79, 80, 81, 82, 84, 86, 89, 91, 93, 94, 95, 97, 102, 103, 104, 105, 107, 108, 109, 110, 111, 112, 118, 119, 120, 121, 122, 124, 125, 127, 128, 130, 131, 132, 135, 136, 137, 139, 140, 142, 143, 144, 145, 146, 148, 149, 150, 151, 152, 154, 155, 157, 158, 159, 161, 164, 165, 166, 172, 174, 176, 177, 178, 181, 184, 185, 186, 187, 188, 191, 192, 193, 194, 197, 198, 199, 200, 201, 202, 203, 204, 205, 206, 207, 208, 209, 210], "excluded_lines": []}}}, "src\\ui\\search_widget.py": {"executed_lines": [], "summary": {"covered_lines": 0, "num_statements": 149, "percent_covered": 0.0, "percent_covered_display": "0", "missing_lines": 149, "excluded_lines": 0}, "missing_lines": [5, 6, 7, 9, 12, 19, 22, 23, 24, 27, 28, 29, 30, 31, 32, 33, 34, 36, 39, 41, 42, 49, 50, 60, 62, 63, 71, 73, 75, 82, 83, 84, 85, 86, 88, 90, 97, 98, 99, 100, 101, 104, 105, 114, 116, 117, 119, 120, 122, 125, 136, 137, 139, 142, 148, 149, 150, 151, 152, 153, 154, 157, 158, 160, 162, 163, 166, 167, 170, 171, 172, 173, 174, 175, 177, 179, 180, 181, 183, 185, 186, 187, 189, 194, 195, 196, 198, 201, 205, 207, 208, 209, 211, 214, 217, 219, 220, 222, 223, 224, 226, 227, 228, 231, 233, 234, 240, 242, 249, 253, 255, 256, 257, 259, 262, 264, 267, 274, 275, 277, 280, 283, 284, 285, 286, 287, 288, 289, 291, 292, 295, 299, 300, 302, 304, 305, 307, 310, 311, 312, 314, 315, 316, 317, 318, 319, 320, 321, 322], "excluded_lines": [], "functions": {"render_search_widget": {"executed_lines": [], "summary": {"covered_lines": 0, "num_statements": 44, "percent_covered": 0.0, "percent_covered_display": "0", "missing_lines": 44, "excluded_lines": 0}, "missing_lines": [19, 22, 23, 24, 27, 28, 29, 30, 31, 32, 33, 34, 36, 39, 41, 42, 49, 50, 60, 62, 63, 71, 73, 75, 82, 83, 84, 85, 86, 88, 90, 97, 98, 99, 100, 101, 104, 105, 114, 116, 117, 119, 120, 122], "excluded_lines": []}, "render_search_results": {"executed_lines": [], "summary": {"covered_lines": 0, "num_statements": 37, "percent_covered": 0.0, "percent_covered_display": "0", "missing_lines": 37, "excluded_lines": 0}, "missing_lines": [136, 137, 139, 142, 148, 149, 150, 151, 152, 153, 154, 157, 158, 160, 162, 163, 166, 167, 170, 171, 172, 173, 174, 175, 177, 179, 180, 181, 183, 185, 186, 187, 189, 194, 195, 196, 198], "excluded_lines": []}, "render_category_statistics": {"executed_lines": [], "summary": {"covered_lines": 0, "num_statements": 20, "percent_covered": 0.0, "percent_covered_display": "0", "missing_lines": 20, "excluded_lines": 0}, "missing_lines": [205, 207, 208, 209, 211, 214, 217, 219, 220, 222, 223, 224, 226, 227, 228, 231, 233, 234, 240, 242], "excluded_lines": []}, "render_tag_explorer": {"executed_lines": [], "summary": {"covered_lines": 0, "num_statements": 21, "percent_covered": 0.0, "percent_covered_display": "0", "missing_lines": 21, "excluded_lines": 0}, "missing_lines": [253, 255, 256, 257, 259, 262, 264, 267, 274, 275, 277, 280, 283, 284, 285, 286, 287, 288, 289, 291, 292], "excluded_lines": []}, "render_search_performance": {"executed_lines": [], "summary": {"covered_lines": 0, "num_statements": 18, "percent_covered": 0.0, "percent_covered_display": "0", "missing_lines": 18, "excluded_lines": 0}, "missing_lines": [299, 300, 302, 304, 305, 307, 310, 311, 312, 314, 315, 316, 317, 318, 319, 320, 321, 322], "excluded_lines": []}, "": {"executed_lines": [], "summary": {"covered_lines": 0, "num_statements": 9, "percent_covered": 0.0, "percent_covered_display": "0", "missing_lines": 9, "excluded_lines": 0}, "missing_lines": [5, 6, 7, 9, 12, 125, 201, 249, 295], "excluded_lines": []}}, "classes": {"": {"executed_lines": [], "summary": {"covered_lines": 0, "num_statements": 149, "percent_covered": 0.0, "percent_covered_display": "0", "missing_lines": 149, "excluded_lines": 0}, "missing_lines": [5, 6, 7, 9, 12, 19, 22, 23, 24, 27, 28, 29, 30, 31, 32, 33, 34, 36, 39, 41, 42, 49, 50, 60, 62, 63, 71, 73, 75, 82, 83, 84, 85, 86, 88, 90, 97, 98, 99, 100, 101, 104, 105, 114, 116, 117, 119, 120, 122, 125, 136, 137, 139, 142, 148, 149, 150, 151, 152, 153, 154, 157, 158, 160, 162, 163, 166, 167, 170, 171, 172, 173, 174, 175, 177, 179, 180, 181, 183, 185, 186, 187, 189, 194, 195, 196, 198, 201, 205, 207, 208, 209, 211, 214, 217, 219, 220, 222, 223, 224, 226, 227, 228, 231, 233, 234, 240, 242, 249, 253, 255, 256, 257, 259, 262, 264, 267, 274, 275, 277, 280, 283, 284, 285, 286, 287, 288, 289, 291, 292, 295, 299, 300, 302, 304, 305, 307, 310, 311, 312, 314, 315, 316, 317, 318, 319, 320, 321, 322], "excluded_lines": []}}}, "src\\ui\\state_manager.py": {"executed_lines": [1, 5, 6, 9, 13, 14, 22, 23, 27, 28, 31, 32, 34, 35, 37, 38, 40, 41, 44, 46, 49, 50, 51, 53, 56, 64, 65, 67, 69, 72, 75, 81, 89, 90, 93, 94, 97, 99, 100, 103, 110, 111, 112, 116, 126, 128, 129, 130, 133, 139, 145, 150, 161, 162, 165, 173, 176, 183, 186, 187, 188, 191, 192, 193, 195], "summary": {"covered_lines": 64, "num_statements": 72, "percent_covered": 88.88888888888889, "percent_covered_display": "89", "missing_lines": 8, "excluded_lines": 0}, "missing_lines": [77, 78, 113, 135, 136, 141, 142, 147], "excluded_lines": [], "functions": {"initialize_session_state": {"executed_lines": [13, 14, 22, 23, 27, 28, 31, 32, 34, 35, 37, 38, 40, 41], "summary": {"covered_lines": 14, "num_statements": 14, "percent_covered": 100.0, "percent_covered_display": "100", "missing_lines": 0, "excluded_lines": 0}, "missing_lines": [], "excluded_lines": []}, "toggle_selection_mode": {"executed_lines": [46, 49, 50, 51, 53], "summary": {"covered_lines": 5, "num_statements": 5, "percent_covered": 100.0, "percent_covered_display": "100", "missing_lines": 0, "excluded_lines": 0}, "missing_lines": [], "excluded_lines": []}, "add_option_to_run": {"executed_lines": [64, 65, 67, 69, 72], "summary": {"covered_lines": 5, "num_statements": 5, "percent_covered": 100.0, "percent_covered_display": "100", "missing_lines": 0, "excluded_lines": 0}, "missing_lines": [], "excluded_lines": []}, "remove_option_from_run": {"executed_lines": [], "summary": {"covered_lines": 0, "num_statements": 2, "percent_covered": 0.0, "percent_covered_display": "0", "missing_lines": 2, "excluded_lines": 0}, "missing_lines": [77, 78], "excluded_lines": []}, "remove_option_selection": {"executed_lines": [89, 90, 93, 94], "summary": {"covered_lines": 4, "num_statements": 4, "percent_covered": 100.0, "percent_covered_display": "100", "missing_lines": 0, "excluded_lines": 0}, "missing_lines": [], "excluded_lines": []}, "clear_category_selections": {"executed_lines": [99, 100], "summary": {"covered_lines": 2, "num_statements": 2, "percent_covered": 100.0, "percent_covered_display": "100", "missing_lines": 0, "excluded_lines": 0}, "missing_lines": [], "excluded_lines": []}, "get_selected_option": {"executed_lines": [110, 111, 112], "summary": {"covered_lines": 3, "num_statements": 4, "percent_covered": 75.0, "percent_covered_display": "75", "missing_lines": 1, "excluded_lines": 0}, "missing_lines": [113], "excluded_lines": []}, "get_selected_choices": {"executed_lines": [126, 128, 129, 130], "summary": {"covered_lines": 4, "num_statements": 4, "percent_covered": 100.0, "percent_covered_display": "100", "missing_lines": 0, "excluded_lines": 0}, "missing_lines": [], "excluded_lines": []}, "clear_all_selections": {"executed_lines": [], "summary": {"covered_lines": 0, "num_statements": 2, "percent_covered": 0.0, "percent_covered_display": "0", "missing_lines": 2, "excluded_lines": 0}, "missing_lines": [135, 136], "excluded_lines": []}, "set_category_filter": {"executed_lines": [], "summary": {"covered_lines": 0, "num_statements": 2, "percent_covered": 0.0, "percent_covered_display": "0", "missing_lines": 2, "excluded_lines": 0}, "missing_lines": [141, 142], "excluded_lines": []}, "set_option_detail": {"executed_lines": [], "summary": {"covered_lines": 0, "num_statements": 1, "percent_covered": 0.0, "percent_covered_display": "0", "missing_lines": 1, "excluded_lines": 0}, "missing_lines": [147], "excluded_lines": []}, "is_choice_selected": {"executed_lines": [161, 162], "summary": {"covered_lines": 2, "num_statements": 2, "percent_covered": 100.0, "percent_covered_display": "100", "missing_lines": 0, "excluded_lines": 0}, "missing_lines": [], "excluded_lines": []}, "add_option_selection": {"executed_lines": [173], "summary": {"covered_lines": 1, "num_statements": 1, "percent_covered": 100.0, "percent_covered_display": "100", "missing_lines": 0, "excluded_lines": 0}, "missing_lines": [], "excluded_lines": []}, "get_total_combinations": {"executed_lines": [183, 186, 187, 188, 191, 192, 193, 195], "summary": {"covered_lines": 8, "num_statements": 8, "percent_covered": 100.0, "percent_covered_display": "100", "missing_lines": 0, "excluded_lines": 0}, "missing_lines": [], "excluded_lines": []}, "": {"executed_lines": [1, 5, 6, 9, 44, 56, 75, 81, 97, 103, 116, 133, 139, 145, 150, 165, 176], "summary": {"covered_lines": 16, "num_statements": 16, "percent_covered": 100.0, "percent_covered_display": "100", "missing_lines": 0, "excluded_lines": 0}, "missing_lines": [], "excluded_lines": []}}, "classes": {"": {"executed_lines": [1, 5, 6, 9, 13, 14, 22, 23, 27, 28, 31, 32, 34, 35, 37, 38, 40, 41, 44, 46, 49, 50, 51, 53, 56, 64, 65, 67, 69, 72, 75, 81, 89, 90, 93, 94, 97, 99, 100, 103, 110, 111, 112, 116, 126, 128, 129, 130, 133, 139, 145, 150, 161, 162, 165, 173, 176, 183, 186, 187, 188, 191, 192, 193, 195], "summary": {"covered_lines": 64, "num_statements": 72, "percent_covered": 88.88888888888889, "percent_covered_display": "89", "missing_lines": 8, "excluded_lines": 0}, "missing_lines": [77, 78, 113, 135, 136, 141, 142, 147], "excluded_lines": []}}}, "src\\ui\\validation_summary.py": {"executed_lines": [1, 5, 6, 9], "summary": {"covered_lines": 3, "num_statements": 39, "percent_covered": 7.6923076923076925, "percent_covered_display": "8", "missing_lines": 36, "excluded_lines": 0}, "missing_lines": [14, 16, 17, 18, 19, 21, 22, 25, 31, 38, 39, 40, 43, 44, 45, 46, 47, 48, 49, 52, 53, 54, 55, 57, 60, 61, 62, 63, 64, 65, 66, 67, 68, 69, 71, 72], "excluded_lines": [], "functions": {"render_validation_summary": {"executed_lines": [], "summary": {"covered_lines": 0, "num_statements": 36, "percent_covered": 0.0, "percent_covered_display": "0", "missing_lines": 36, "excluded_lines": 0}, "missing_lines": [14, 16, 17, 18, 19, 21, 22, 25, 31, 38, 39, 40, 43, 44, 45, 46, 47, 48, 49, 52, 53, 54, 55, 57, 60, 61, 62, 63, 64, 65, 66, 67, 68, 69, 71, 72], "excluded_lines": []}, "": {"executed_lines": [1, 5, 6, 9], "summary": {"covered_lines": 3, "num_statements": 3, "percent_covered": 100.0, "percent_covered_display": "100", "missing_lines": 0, "excluded_lines": 0}, "missing_lines": [], "excluded_lines": []}}, "classes": {"": {"executed_lines": [1, 5, 6, 9], "summary": {"covered_lines": 3, "num_statements": 39, "percent_covered": 7.6923076923076925, "percent_covered_display": "8", "missing_lines": 36, "excluded_lines": 0}, "missing_lines": [14, 16, 17, 18, 19, 21, 22, 25, 31, 38, 39, 40, 43, 44, 45, 46, 47, 48, 49, 52, 53, 54, 55, 57, 60, 61, 62, 63, 64, 65, 66, 67, 68, 69, 71, 72], "excluded_lines": []}}}, "src\\utils\\__init__.py": {"executed_lines": [1, 5, 6, 7, 8, 9, 11], "summary": {"covered_lines": 6, "num_statements": 6, "percent_covered": 100.0, "percent_covered_display": "100", "missing_lines": 0, "excluded_lines": 0}, "missing_lines": [], "excluded_lines": [], "functions": {"": {"executed_lines": [1, 5, 6, 7, 8, 9, 11], "summary": {"covered_lines": 6, "num_statements": 6, "percent_covered": 100.0, "percent_covered_display": "100", "missing_lines": 0, "excluded_lines": 0}, "missing_lines": [], "excluded_lines": []}}, "classes": {"": {"executed_lines": [1, 5, 6, 7, 8, 9, 11], "summary": {"covered_lines": 6, "num_statements": 6, "percent_covered": 100.0, "percent_covered_display": "100", "missing_lines": 0, "excluded_lines": 0}, "missing_lines": [], "excluded_lines": []}}}, "src\\utils\\cost_resolver.py": {"executed_lines": [1, 6, 7, 9, 10, 13, 14, 19, 26, 33, 35, 36, 52, 53, 54, 55, 58, 59, 60, 61, 62, 63, 64, 67, 69, 93, 94, 96, 97, 100, 102, 103, 104, 105, 106, 107, 111, 113, 114, 115, 117, 129, 132, 146, 147, 149, 150, 151, 152, 158, 170, 172, 174, 181, 182, 183, 184, 186, 196, 197, 198, 199, 200, 202, 217, 220, 221, 223, 224, 230, 231, 233], "summary": {"covered_lines": 70, "num_statements": 79, "percent_covered": 88.60759493670886, "percent_covered_display": "89", "missing_lines": 9, "excluded_lines": 0}, "missing_lines": [65, 109, 154, 155, 156, 218, 225, 226, 228], "excluded_lines": [], "functions": {"CostResolver.__init__": {"executed_lines": [33], "summary": {"covered_lines": 1, "num_statements": 1, "percent_covered": 100.0, "percent_covered_display": "100", "missing_lines": 0, "excluded_lines": 0}, "missing_lines": [], "excluded_lines": []}, "CostResolver.get_component_cost": {"executed_lines": [52, 53, 54, 55, 58, 59, 60, 61, 62, 63, 64, 67], "summary": {"covered_lines": 12, "num_statements": 13, "percent_covered": 92.3076923076923, "percent_covered_display": "92", "missing_lines": 1, "excluded_lines": 0}, "missing_lines": [65], "excluded_lines": []}, "CostResolver.resolve_option_cost": {"executed_lines": [93, 94, 96, 97, 100, 102, 103, 104, 105, 106, 107, 111, 113, 114, 115, 117, 129, 132, 146, 147, 149, 150, 151, 152, 158, 170, 172], "summary": {"covered_lines": 27, "num_statements": 31, "percent_covered": 87.09677419354838, "percent_covered_display": "87", "missing_lines": 4, "excluded_lines": 0}, "missing_lines": [109, 154, 155, 156], "excluded_lines": []}, "CostResolver.get_available_sources": {"executed_lines": [181, 182, 183, 184], "summary": {"covered_lines": 4, "num_statements": 4, "percent_covered": 100.0, "percent_covered_display": "100", "missing_lines": 0, "excluded_lines": 0}, "missing_lines": [], "excluded_lines": []}, "CostResolver.get_source_component_count": {"executed_lines": [196, 197, 198, 199, 200], "summary": {"covered_lines": 5, "num_statements": 5, "percent_covered": 100.0, "percent_covered_display": "100", "missing_lines": 0, "excluded_lines": 0}, "missing_lines": [], "excluded_lines": []}, "CostResolver.validate_option_costs": {"executed_lines": [217, 220, 221, 223, 224, 230, 231, 233], "summary": {"covered_lines": 8, "num_statements": 12, "percent_covered": 66.66666666666667, "percent_covered_display": "67", "missing_lines": 4, "excluded_lines": 0}, "missing_lines": [218, 225, 226, 228], "excluded_lines": []}, "": {"executed_lines": [1, 6, 7, 9, 10, 13, 14, 19, 26, 35, 36, 69, 174, 186, 202], "summary": {"covered_lines": 13, "num_statements": 13, "percent_covered": 100.0, "percent_covered_display": "100", "missing_lines": 0, "excluded_lines": 0}, "missing_lines": [], "excluded_lines": []}}, "classes": {"CostResolver": {"executed_lines": [33, 52, 53, 54, 55, 58, 59, 60, 61, 62, 63, 64, 67, 93, 94, 96, 97, 100, 102, 103, 104, 105, 106, 107, 111, 113, 114, 115, 117, 129, 132, 146, 147, 149, 150, 151, 152, 158, 170, 172, 181, 182, 183, 184, 196, 197, 198, 199, 200, 217, 220, 221, 223, 224, 230, 231, 233], "summary": {"covered_lines": 57, "num_statements": 66, "percent_covered": 86.36363636363636, "percent_covered_display": "86", "missing_lines": 9, "excluded_lines": 0}, "missing_lines": [65, 109, 154, 155, 156, 218, 225, 226, 228], "excluded_lines": []}, "": {"executed_lines": [1, 6, 7, 9, 10, 13, 14, 19, 26, 35, 36, 69, 174, 186, 202], "summary": {"covered_lines": 13, "num_statements": 13, "percent_covered": 100.0, "percent_covered_display": "100", "missing_lines": 0, "excluded_lines": 0}, "missing_lines": [], "excluded_lines": []}}}, "src\\utils\\export_helpers.py": {"executed_lines": [1, 5, 8, 29, 31, 32, 33, 35, 36, 38, 40, 43, 62, 65, 66, 67, 69, 72, 88, 90, 91, 93, 94, 96, 97, 99], "summary": {"covered_lines": 25, "num_statements": 25, "percent_covered": 100.0, "percent_covered_display": "100", "missing_lines": 0, "excluded_lines": 0}, "missing_lines": [], "excluded_lines": [], "functions": {"format_upgrades_section": {"executed_lines": [29, 31, 32, 33, 35, 36, 38, 40], "summary": {"covered_lines": 8, "num_statements": 8, "percent_covered": 100.0, "percent_covered_display": "100", "missing_lines": 0, "excluded_lines": 0}, "missing_lines": [], "excluded_lines": []}, "count_combinations": {"executed_lines": [62, 65, 66, 67, 69], "summary": {"covered_lines": 5, "num_statements": 5, "percent_covered": 100.0, "percent_covered_display": "100", "missing_lines": 0, "excluded_lines": 0}, "missing_lines": [], "excluded_lines": []}, "validate_export_ready": {"executed_lines": [88, 90, 91, 93, 94, 96, 97, 99], "summary": {"covered_lines": 8, "num_statements": 8, "percent_covered": 100.0, "percent_covered_display": "100", "missing_lines": 0, "excluded_lines": 0}, "missing_lines": [], "excluded_lines": []}, "": {"executed_lines": [1, 5, 8, 43, 72], "summary": {"covered_lines": 4, "num_statements": 4, "percent_covered": 100.0, "percent_covered_display": "100", "missing_lines": 0, "excluded_lines": 0}, "missing_lines": [], "excluded_lines": []}}, "classes": {"": {"executed_lines": [1, 5, 8, 29, 31, 32, 33, 35, 36, 38, 40, 43, 62, 65, 66, 67, 69, 72, 88, 90, 91, 93, 94, 96, 97, 99], "summary": {"covered_lines": 25, "num_statements": 25, "percent_covered": 100.0, "percent_covered_display": "100", "missing_lines": 0, "excluded_lines": 0}, "missing_lines": [], "excluded_lines": []}}}, "src\\utils\\loaders.py": {"executed_lines": [1, 6, 7, 8, 9, 11, 12, 15, 16, 28, 29, 30, 32, 33, 36, 42, 43, 44, 49, 52, 53, 65, 66, 67, 69, 70, 72, 73, 74, 76, 77, 79, 81, 83, 87, 89, 98, 108, 111, 113, 114], "summary": {"covered_lines": 40, "num_statements": 41, "percent_covered": 97.5609756097561, "percent_covered_display": "98", "missing_lines": 1, "excluded_lines": 0}, "missing_lines": [95], "excluded_lines": [], "functions": {"load_unit_costs": {"executed_lines": [28, 29, 30, 32, 33, 36, 42, 43, 44, 49], "summary": {"covered_lines": 10, "num_statements": 10, "percent_covered": 100.0, "percent_covered_display": "100", "missing_lines": 0, "excluded_lines": 0}, "missing_lines": [], "excluded_lines": []}, "load_options": {"executed_lines": [65, 66, 67, 69, 70, 72, 73, 74, 76, 77, 79, 81, 83, 87, 89, 98, 108], "summary": {"covered_lines": 17, "num_statements": 18, "percent_covered": 94.44444444444444, "percent_covered_display": "94", "missing_lines": 1, "excluded_lines": 0}, "missing_lines": [95], "excluded_lines": []}, "clear_cache": {"executed_lines": [113, 114], "summary": {"covered_lines": 2, "num_statements": 2, "percent_covered": 100.0, "percent_covered_display": "100", "missing_lines": 0, "excluded_lines": 0}, "missing_lines": [], "excluded_lines": []}, "": {"executed_lines": [1, 6, 7, 8, 9, 11, 12, 15, 16, 52, 53, 111], "summary": {"covered_lines": 11, "num_statements": 11, "percent_covered": 100.0, "percent_covered_display": "100", "missing_lines": 0, "excluded_lines": 0}, "missing_lines": [], "excluded_lines": []}}, "classes": {"": {"executed_lines": [1, 6, 7, 8, 9, 11, 12, 15, 16, 28, 29, 30, 32, 33, 36, 42, 43, 44, 49, 52, 53, 65, 66, 67, 69, 70, 72, 73, 74, 76, 77, 79, 81, 83, 87, 89, 98, 108, 111, 113, 114], "summary": {"covered_lines": 40, "num_statements": 41, "percent_covered": 97.5609756097561, "percent_covered_display": "98", "missing_lines": 1, "excluded_lines": 0}, "missing_lines": [95], "excluded_lines": []}}}, "src\\utils\\options_search.py": {"executed_lines": [1, 6, 7, 9, 12, 13, 18, 25, 28, 29, 30, 31, 44, 46, 67, 70, 71, 72, 77, 80, 81, 84, 85, 88, 89, 92, 94, 96, 98, 100, 101, 102, 104, 106, 114, 124, 134], "summary": {"covered_lines": 35, "num_statements": 36, "percent_covered": 97.22222222222223, "percent_covered_display": "97", "missing_lines": 1, "excluded_lines": 0}, "missing_lines": [103], "excluded_lines": [], "functions": {"OptionsSearch.__init__": {"executed_lines": [25, 28, 29, 30, 31, 44], "summary": {"covered_lines": 6, "num_statements": 6, "percent_covered": 100.0, "percent_covered_display": "100", "missing_lines": 0, "excluded_lines": 0}, "missing_lines": [], "excluded_lines": []}, "OptionsSearch.search": {"executed_lines": [67, 70, 71, 72, 77, 80, 81, 84, 85, 88, 89, 92], "summary": {"covered_lines": 12, "num_statements": 12, "percent_covered": 100.0, "percent_covered_display": "100", "missing_lines": 0, "excluded_lines": 0}, "missing_lines": [], "excluded_lines": []}, "OptionsSearch.get_all_categories": {"executed_lines": [96], "summary": {"covered_lines": 1, "num_statements": 1, "percent_covered": 100.0, "percent_covered_display": "100", "missing_lines": 0, "excluded_lines": 0}, "missing_lines": [], "excluded_lines": []}, "OptionsSearch.get_all_tags": {"executed_lines": [100, 101, 102, 104], "summary": {"covered_lines": 4, "num_statements": 5, "percent_covered": 80.0, "percent_covered_display": "80", "missing_lines": 1, "excluded_lines": 0}, "missing_lines": [103], "excluded_lines": []}, "OptionsSearch.get_category_stats": {"executed_lines": [114], "summary": {"covered_lines": 1, "num_statements": 1, "percent_covered": 100.0, "percent_covered_display": "100", "missing_lines": 0, "excluded_lines": 0}, "missing_lines": [], "excluded_lines": []}, "OptionsSearch.count": {"executed_lines": [134], "summary": {"covered_lines": 1, "num_statements": 1, "percent_covered": 100.0, "percent_covered_display": "100", "missing_lines": 0, "excluded_lines": 0}, "missing_lines": [], "excluded_lines": []}, "": {"executed_lines": [1, 6, 7, 9, 12, 13, 18, 46, 94, 98, 106, 124], "summary": {"covered_lines": 10, "num_statements": 10, "percent_covered": 100.0, "percent_covered_display": "100", "missing_lines": 0, "excluded_lines": 0}, "missing_lines": [], "excluded_lines": []}}, "classes": {"OptionsSearch": {"executed_lines": [25, 28, 29, 30, 31, 44, 67, 70, 71, 72, 77, 80, 81, 84, 85, 88, 89, 92, 96, 100, 101, 102, 104, 114, 134], "summary": {"covered_lines": 25, "num_statements": 26, "percent_covered": 96.15384615384616, "percent_covered_display": "96", "missing_lines": 1, "excluded_lines": 0}, "missing_lines": [103], "excluded_lines": []}, "": {"executed_lines": [1, 6, 7, 9, 12, 13, 18, 46, 94, 98, 106, 124], "summary": {"covered_lines": 10, "num_statements": 10, "percent_covered": 100.0, "percent_covered_display": "100", "missing_lines": 0, "excluded_lines": 0}, "missing_lines": [], "excluded_lines": []}}}, "src\\utils\\run_file_generator.py": {"executed_lines": [1, 7, 8, 9, 12, 13, 15, 23, 25, 27, 44, 47, 48, 49, 52, 53, 54, 55, 58, 59, 60, 63, 64, 65, 67, 69, 79, 82, 83, 84, 87, 88, 89, 91, 92, 94, 95, 97, 107, 110, 111, 112, 114, 118, 120, 123, 124, 125, 127, 130, 131, 133, 134, 135, 137, 147, 149, 150, 153, 154, 155, 158, 161, 162, 164, 165, 166, 168, 179, 182, 185, 186, 188, 198, 199, 202, 208, 214, 220, 221, 224, 225, 226, 227, 228, 229, 230, 231, 232, 235, 236, 237, 238, 239, 240, 243, 244, 245, 247, 249, 250, 253, 254, 255, 257, 258, 259, 260, 261, 262, 263, 265, 268, 269, 271, 272, 275, 276, 278, 308, 309, 316, 318, 319, 329, 331, 332, 339], "summary": {"covered_lines": 125, "num_statements": 128, "percent_covered": 97.65625, "percent_covered_display": "98", "missing_lines": 3, "excluded_lines": 0}, "missing_lines": [116, 248, 266], "excluded_lines": [], "functions": {"RunFileGenerator.__init__": {"executed_lines": [25], "summary": {"covered_lines": 1, "num_statements": 1, "percent_covered": 100.0, "percent_covered_display": "100", "missing_lines": 0, "excluded_lines": 0}, "missing_lines": [], "excluded_lines": []}, "RunFileGenerator.generate_run_file": {"executed_lines": [44, 47, 48, 49, 52, 53, 54, 55, 58, 59, 60, 63, 64, 65, 67], "summary": {"covered_lines": 15, "num_statements": 15, "percent_covered": 100.0, "percent_covered_display": "100", "missing_lines": 0, "excluded_lines": 0}, "missing_lines": [], "excluded_lines": []}, "RunFileGenerator._generate_run_parameters": {"executed_lines": [79, 82, 83, 84, 87, 88, 89, 91, 92, 94, 95], "summary": {"covered_lines": 11, "num_statements": 11, "percent_covered": 100.0, "percent_covered_display": "100", "missing_lines": 0, "excluded_lines": 0}, "missing_lines": [], "excluded_lines": []}, "RunFileGenerator._generate_run_scope": {"executed_lines": [107, 110, 111, 112, 114, 118, 120, 123, 124, 125, 127, 130, 131, 133, 134, 135], "summary": {"covered_lines": 16, "num_statements": 17, "percent_covered": 94.11764705882354, "percent_covered_display": "94", "missing_lines": 1, "excluded_lines": 0}, "missing_lines": [116], "excluded_lines": []}, "RunFileGenerator._generate_upgrades": {"executed_lines": [147, 149, 150, 153, 154, 155, 158, 161, 162, 164, 165, 166], "summary": {"covered_lines": 12, "num_statements": 12, "percent_covered": 100.0, "percent_covered_display": "100", "missing_lines": 0, "excluded_lines": 0}, "missing_lines": [], "excluded_lines": []}, "RunFileGenerator.save_to_file": {"executed_lines": [179, 182, 185, 186], "summary": {"covered_lines": 4, "num_statements": 4, "percent_covered": 100.0, "percent_covered_display": "100", "missing_lines": 0, "excluded_lines": 0}, "missing_lines": [], "excluded_lines": []}, "RunFileGenerator.validate_format": {"executed_lines": [198, 199, 202, 208, 214, 220, 221, 224, 225, 226, 227, 228, 229, 230, 231, 232, 235, 236, 237, 238, 239, 240, 243, 244, 245, 247, 249, 250, 253, 254, 255, 257, 258, 259, 260, 261, 262, 263, 265, 268, 269, 271, 272], "summary": {"covered_lines": 43, "num_statements": 45, "percent_covered": 95.55555555555556, "percent_covered_display": "96", "missing_lines": 2, "excluded_lines": 0}, "missing_lines": [248, 266], "excluded_lines": []}, "RunFileTemplate.get_template_names": {"executed_lines": [316], "summary": {"covered_lines": 1, "num_statements": 1, "percent_covered": 100.0, "percent_covered_display": "100", "missing_lines": 0, "excluded_lines": 0}, "missing_lines": [], "excluded_lines": []}, "RunFileTemplate.get_template": {"executed_lines": [329], "summary": {"covered_lines": 1, "num_statements": 1, "percent_covered": 100.0, "percent_covered_display": "100", "missing_lines": 0, "excluded_lines": 0}, "missing_lines": [], "excluded_lines": []}, "RunFileTemplate.get_all_templates": {"executed_lines": [339], "summary": {"covered_lines": 1, "num_statements": 1, "percent_covered": 100.0, "percent_covered_display": "100", "missing_lines": 0, "excluded_lines": 0}, "missing_lines": [], "excluded_lines": []}, "": {"executed_lines": [1, 7, 8, 9, 12, 13, 15, 23, 27, 69, 97, 137, 168, 188, 275, 276, 278, 308, 309, 318, 319, 331, 332], "summary": {"covered_lines": 20, "num_statements": 20, "percent_covered": 100.0, "percent_covered_display": "100", "missing_lines": 0, "excluded_lines": 0}, "missing_lines": [], "excluded_lines": []}}, "classes": {"RunFileGenerator": {"executed_lines": [25, 44, 47, 48, 49, 52, 53, 54, 55, 58, 59, 60, 63, 64, 65, 67, 79, 82, 83, 84, 87, 88, 89, 91, 92, 94, 95, 107, 110, 111, 112, 114, 118, 120, 123, 124, 125, 127, 130, 131, 133, 134, 135, 147, 149, 150, 153, 154, 155, 158, 161, 162, 164, 165, 166, 179, 182, 185, 186, 198, 199, 202, 208, 214, 220, 221, 224, 225, 226, 227, 228, 229, 230, 231, 232, 235, 236, 237, 238, 239, 240, 243, 244, 245, 247, 249, 250, 253, 254, 255, 257, 258, 259, 260, 261, 262, 263, 265, 268, 269, 271, 272], "summary": {"covered_lines": 102, "num_statements": 105, "percent_covered": 97.14285714285714, "percent_covered_display": "97", "missing_lines": 3, "excluded_lines": 0}, "missing_lines": [116, 248, 266], "excluded_lines": []}, "RunFileTemplate": {"executed_lines": [316, 329, 339], "summary": {"covered_lines": 3, "num_statements": 3, "percent_covered": 100.0, "percent_covered_display": "100", "missing_lines": 0, "excluded_lines": 0}, "missing_lines": [], "excluded_lines": []}, "": {"executed_lines": [1, 7, 8, 9, 12, 13, 15, 23, 27, 69, 97, 137, 168, 188, 275, 276, 278, 308, 309, 318, 319, 331, 332], "summary": {"covered_lines": 20, "num_statements": 20, "percent_covered": 100.0, "percent_covered_display": "100", "missing_lines": 0, "excluded_lines": 0}, "missing_lines": [], "excluded_lines": []}}}, "src\\utils\\validator.py": {"executed_lines": [1, 6, 7, 9, 10, 13, 14, 15, 16, 17, 20, 21, 23, 30, 31, 32, 33, 35, 36, 37, 39, 41, 43, 51, 52, 56, 68, 69, 71, 84, 87, 88, 89, 94, 95, 102, 103, 104, 111, 112, 113, 120, 121, 122, 128, 130, 145, 147, 149, 150, 155, 157, 160, 161, 166, 168, 171, 172, 173, 192, 194, 207, 210, 218, 219, 220, 221, 222, 224, 225, 237, 239, 257, 259, 260, 266, 269, 270, 271, 279, 280, 286, 289, 290, 311, 314, 316, 332, 334, 341, 347, 349, 350, 352, 354, 355, 357, 358, 363, 364, 370, 375, 377, 379, 381, 383], "summary": {"covered_lines": 102, "num_statements": 116, "percent_covered": 87.93103448275862, "percent_covered_display": "88", "missing_lines": 14, "excluded_lines": 0}, "missing_lines": [42, 180, 184, 185, 231, 276, 291, 292, 297, 299, 303, 304, 309, 312], "excluded_lines": [], "functions": {"ValidationMessage.__init__": {"executed_lines": [30, 31, 32, 33], "summary": {"covered_lines": 4, "num_statements": 4, "percent_covered": 100.0, "percent_covered_display": "100", "missing_lines": 0, "excluded_lines": 0}, "missing_lines": [], "excluded_lines": []}, "ValidationMessage.__repr__": {"executed_lines": [36, 37], "summary": {"covered_lines": 2, "num_statements": 2, "percent_covered": 100.0, "percent_covered_display": "100", "missing_lines": 0, "excluded_lines": 0}, "missing_lines": [], "excluded_lines": []}, "ValidationMessage.__eq__": {"executed_lines": [41, 43], "summary": {"covered_lines": 2, "num_statements": 3, "percent_covered": 66.66666666666667, "percent_covered_display": "67", "missing_lines": 1, "excluded_lines": 0}, "missing_lines": [42], "excluded_lines": []}, "HTAPConfigValidator.__init__": {"executed_lines": [68, 69], "summary": {"covered_lines": 2, "num_statements": 2, "percent_covered": 100.0, "percent_covered_display": "100", "missing_lines": 0, "excluded_lines": 0}, "missing_lines": [], "excluded_lines": []}, "HTAPConfigValidator.validate_run_config": {"executed_lines": [84, 87, 88, 89, 94, 95, 102, 103, 104, 111, 112, 113, 120, 121, 122, 128], "summary": {"covered_lines": 16, "num_statements": 16, "percent_covered": 100.0, "percent_covered_display": "100", "missing_lines": 0, "excluded_lines": 0}, "missing_lines": [], "excluded_lines": []}, "HTAPConfigValidator.validate_selected_options": {"executed_lines": [145, 147, 149, 150, 155, 157, 160, 161, 166, 168, 171, 172, 173, 192], "summary": {"covered_lines": 14, "num_statements": 17, "percent_covered": 82.3529411764706, "percent_covered_display": "82", "missing_lines": 3, "excluded_lines": 0}, "missing_lines": [180, 184, 185], "excluded_lines": []}, "HTAPConfigValidator.validate_configuration_completeness": {"executed_lines": [207, 210, 218, 219, 220, 221, 222, 224, 225, 237], "summary": {"covered_lines": 10, "num_statements": 11, "percent_covered": 90.9090909090909, "percent_covered_display": "91", "missing_lines": 1, "excluded_lines": 0}, "missing_lines": [231], "excluded_lines": []}, "HTAPConfigValidator.get_category_status": {"executed_lines": [257, 259, 260, 266, 269, 270, 271, 279, 280, 286, 289, 290, 311, 314], "summary": {"covered_lines": 14, "num_statements": 23, "percent_covered": 60.869565217391305, "percent_covered_display": "61", "missing_lines": 9, "excluded_lines": 0}, "missing_lines": [276, 291, 292, 297, 299, 303, 304, 309, 312], "excluded_lines": []}, "HTAPConfigValidator.validate_full_configuration": {"executed_lines": [332, 334], "summary": {"covered_lines": 2, "num_statements": 2, "percent_covered": 100.0, "percent_covered_display": "100", "missing_lines": 0, "excluded_lines": 0}, "missing_lines": [], "excluded_lines": []}, "HTAPConfigValidator._generate_summary_messages": {"executed_lines": [347, 349, 350, 352, 354, 355, 357, 358, 363, 364, 370, 375], "summary": {"covered_lines": 12, "num_statements": 12, "percent_covered": 100.0, "percent_covered_display": "100", "missing_lines": 0, "excluded_lines": 0}, "missing_lines": [], "excluded_lines": []}, "HTAPConfigValidator.has_errors": {"executed_lines": [379], "summary": {"covered_lines": 1, "num_statements": 1, "percent_covered": 100.0, "percent_covered_display": "100", "missing_lines": 0, "excluded_lines": 0}, "missing_lines": [], "excluded_lines": []}, "HTAPConfigValidator.has_warnings": {"executed_lines": [383], "summary": {"covered_lines": 1, "num_statements": 1, "percent_covered": 100.0, "percent_covered_display": "100", "missing_lines": 0, "excluded_lines": 0}, "missing_lines": [], "excluded_lines": []}, "": {"executed_lines": [1, 6, 7, 9, 10, 13, 14, 15, 16, 17, 20, 21, 23, 35, 39, 51, 52, 56, 71, 130, 194, 239, 316, 341, 377, 381], "summary": {"covered_lines": 22, "num_statements": 22, "percent_covered": 100.0, "percent_covered_display": "100", "missing_lines": 0, "excluded_lines": 0}, "missing_lines": [], "excluded_lines": []}}, "classes": {"ValidationSeverity": {"executed_lines": [], "summary": {"covered_lines": 0, "num_statements": 0, "percent_covered": 100.0, "percent_covered_display": "100", "missing_lines": 0, "excluded_lines": 0}, "missing_lines": [], "excluded_lines": []}, "ValidationMessage": {"executed_lines": [30, 31, 32, 33, 36, 37, 41, 43], "summary": {"covered_lines": 8, "num_statements": 9, "percent_covered": 88.88888888888889, "percent_covered_display": "89", "missing_lines": 1, "excluded_lines": 0}, "missing_lines": [42], "excluded_lines": []}, "HTAPConfigValidator": {"executed_lines": [68, 69, 84, 87, 88, 89, 94, 95, 102, 103, 104, 111, 112, 113, 120, 121, 122, 128, 145, 147, 149, 150, 155, 157, 160, 161, 166, 168, 171, 172, 173, 192, 207, 210, 218, 219, 220, 221, 222, 224, 225, 237, 257, 259, 260, 266, 269, 270, 271, 279, 280, 286, 289, 290, 311, 314, 332, 334, 347, 349, 350, 352, 354, 355, 357, 358, 363, 364, 370, 375, 379, 383], "summary": {"covered_lines": 72, "num_statements": 85, "percent_covered": 84.70588235294117, "percent_covered_display": "85", "missing_lines": 13, "excluded_lines": 0}, "missing_lines": [180, 184, 185, 231, 276, 291, 292, 297, 299, 303, 304, 309, 312], "excluded_lines": []}, "": {"executed_lines": [1, 6, 7, 9, 10, 13, 14, 15, 16, 17, 20, 21, 23, 35, 39, 51, 52, 56, 71, 130, 194, 239, 316, 341, 377, 381], "summary": {"covered_lines": 22, "num_statements": 22, "percent_covered": 100.0, "percent_covered_display": "100", "missing_lines": 0, "excluded_lines": 0}, "missing_lines": [], "excluded_lines": []}}}}, "totals": {"covered_lines": 837, "num_statements": 1640, "percent_covered": 51.03658536585366, "percent_covered_display": "51", "missing_lines": 803, "excluded_lines": 0}}